# JRE version: OpenJDK Runtime Environment (8.0_76-b03) (build 1.8.0_76-release-b03)
# Java VM: OpenJDK 64-Bit Server VM (25.76-b03 mixed mode windows-amd64 compressed oops)
Heap:
 PSYoungGen      total 445440K, used 9518K [0x00000000e0000000, 0x0000000100000000, 0x0000000100000000)
  eden space 366592K, 0% used [0x00000000e0000000,0x00000000e0000000,0x00000000f6600000)
  from space 78848K, 12% used [0x00000000f6600000,0x00000000f6f4baf8,0x00000000fb300000)
  to   space 78336K, 0% used [0x00000000fb380000,0x00000000fb380000,0x0000000100000000)
 ParOldGen       total 210432K, used 179949K [0x00000000a0000000, 0x00000000acd80000, 0x00000000e0000000)
  object space 210432K, 85% used [0x00000000a0000000,0x00000000aafbb4a0,0x00000000acd80000)
 Metaspace       used 72304K, capacity 75304K, committed 75568K, reserved 1116160K
  class space    used 9145K, capacity 9763K, committed 9776K, reserved 1048576K
GC Heap History (10 events):
Event: 252.689 GC heap after
Heap after GC invocations=22 (full 5):
 PSYoungGen      total 472064K, used 41486K [0x00000000e0000000, 0x0000000100000000, 0x0000000100000000)
  eden space 430080K, 0% used [0x00000000e0000000,0x00000000e0000000,0x00000000fa400000)
  from space 41984K, 98% used [0x00000000fa400000,0x00000000fcc83a18,0x00000000fcd00000)
  to   space 52224K, 0% used [0x00000000fcd00000,0x00000000fcd00000,0x0000000100000000)
 ParOldGen       total 210432K, used 104474K [0x00000000a0000000, 0x00000000acd80000, 0x00000000e0000000)
  object space 210432K, 49% used [0x00000000a0000000,0x00000000a6606ae0,0x00000000acd80000)
 Metaspace       used 72214K, capacity 75240K, committed 75312K, reserved 1114112K
  class space    used 9141K, capacity 9763K, committed 9776K, reserved 1048576K
}
Event: 254.108 GC heap before
{Heap before GC invocations=23 (full 5):
 PSYoungGen      total 472064K, used 471566K [0x00000000e0000000, 0x0000000100000000, 0x0000000100000000)
  eden space 430080K, 100% used [0x00000000e0000000,0x00000000fa400000,0x00000000fa400000)
  from space 41984K, 98% used [0x00000000fa400000,0x00000000fcc83a18,0x00000000fcd00000)
  to   space 52224K, 0% used [0x00000000fcd00000,0x00000000fcd00000,0x0000000100000000)
 ParOldGen       total 210432K, used 104474K [0x00000000a0000000, 0x00000000acd80000, 0x00000000e0000000)
  object space 210432K, 49% used [0x00000000a0000000,0x00000000a6606ae0,0x00000000acd80000)
 Metaspace       used 72239K, capacity 75240K, committed 75312K, reserved 1114112K
  class space    used 9141K, capacity 9763K, committed 9776K, reserved 1048576K
Event: 254.211 GC heap after
Heap after GC invocations=23 (full 5):
 PSYoungGen      total 444416K, used 52206K [0x00000000e0000000, 0x0000000100000000, 0x0000000100000000)
  eden space 392192K, 0% used [0x00000000e0000000,0x00000000e0000000,0x00000000f7f00000)
  from space 52224K, 99% used [0x00000000fcd00000,0x00000000ffffbbd0,0x0000000100000000)
  to   space 66048K, 0% used [0x00000000f7f00000,0x00000000f7f00000,0x00000000fbf80000)
 ParOldGen       total 210432K, used 119627K [0x00000000a0000000, 0x00000000acd80000, 0x00000000e0000000)
  object space 210432K, 56% used [0x00000000a0000000,0x00000000a74d2c00,0x00000000acd80000)
 Metaspace       used 72239K, capacity 75240K, committed 75312K, reserved 1114112K
  class space    used 9141K, capacity 9763K, committed 9776K, reserved 1048576K
}
Event: 255.382 GC heap before
{Heap before GC invocations=24 (full 5):
 PSYoungGen      total 444416K, used 444398K [0x00000000e0000000, 0x0000000100000000, 0x0000000100000000)
  eden space 392192K, 100% used [0x00000000e0000000,0x00000000f7f00000,0x00000000f7f00000)
  from space 52224K, 99% used [0x00000000fcd00000,0x00000000ffffbbd0,0x0000000100000000)
  to   space 66048K, 0% used [0x00000000f7f00000,0x00000000f7f00000,0x00000000fbf80000)
 ParOldGen       total 210432K, used 119627K [0x00000000a0000000, 0x00000000acd80000, 0x00000000e0000000)
  object space 210432K, 56% used [0x00000000a0000000,0x00000000a74d2c00,0x00000000acd80000)
 Metaspace       used 72261K, capacity 75304K, committed 75568K, reserved 1116160K
  class space    used 9142K, capacity 9763K, committed 9776K, reserved 1048576K
Event: 255.466 GC heap after
Heap after GC invocations=24 (full 5):
 PSYoungGen      total 456704K, used 64299K [0x00000000e0000000, 0x0000000100000000, 0x0000000100000000)
  eden space 392192K, 0% used [0x00000000e0000000,0x00000000e0000000,0x00000000f7f00000)
  from space 64512K, 99% used [0x00000000f7f00000,0x00000000fbdcad68,0x00000000fbe00000)
  to   space 67584K, 0% used [0x00000000fbe00000,0x00000000fbe00000,0x0000000100000000)
 ParOldGen       total 210432K, used 122397K [0x00000000a0000000, 0x00000000acd80000, 0x00000000e0000000)
  object space 210432K, 58% used [0x00000000a0000000,0x00000000a7787520,0x00000000acd80000)
 Metaspace       used 72261K, capacity 75304K, committed 75568K, reserved 1116160K
  class space    used 9142K, capacity 9763K, committed 9776K, reserved 1048576K
}
Event: 256.699 GC heap before
{Heap before GC invocations=25 (full 5):
 PSYoungGen      total 456704K, used 456491K [0x00000000e0000000, 0x0000000100000000, 0x0000000100000000)
  eden space 392192K, 100% used [0x00000000e0000000,0x00000000f7f00000,0x00000000f7f00000)
  from space 64512K, 99% used [0x00000000f7f00000,0x00000000fbdcad68,0x00000000fbe00000)
  to   space 67584K, 0% used [0x00000000fbe00000,0x00000000fbe00000,0x0000000100000000)
 ParOldGen       total 210432K, used 122397K [0x00000000a0000000, 0x00000000acd80000, 0x00000000e0000000)
  object space 210432K, 58% used [0x00000000a0000000,0x00000000a7787520,0x00000000acd80000)
 Metaspace       used 72294K, capacity 75304K, committed 75568K, reserved 1116160K
  class space    used 9145K, capacity 9763K, committed 9776K, reserved 1048576K
Event: 256.812 GC heap after
Heap after GC invocations=25 (full 5):
 PSYoungGen      total 434176K, used 51188K [0x00000000e0000000, 0x0000000100000000, 0x0000000100000000)
  eden space 366592K, 0% used [0x00000000e0000000,0x00000000e0000000,0x00000000f6600000)
  from space 67584K, 75% used [0x00000000fbe00000,0x00000000feffd3e8,0x0000000100000000)
  to   space 78848K, 0% used [0x00000000f6600000,0x00000000f6600000,0x00000000fb300000)
 ParOldGen       total 210432K, used 161247K [0x00000000a0000000, 0x00000000acd80000, 0x00000000e0000000)
  object space 210432K, 76% used [0x00000000a0000000,0x00000000a9d77f70,0x00000000acd80000)
 Metaspace       used 72294K, capacity 75304K, committed 75568K, reserved 1116160K
  class space    used 9145K, capacity 9763K, committed 9776K, reserved 1048576K
}
Event: 257.953 GC heap before
{Heap before GC invocations=26 (full 5):
 PSYoungGen      total 434176K, used 417780K [0x00000000e0000000, 0x0000000100000000, 0x0000000100000000)
  eden space 366592K, 100% used [0x00000000e0000000,0x00000000f6600000,0x00000000f6600000)
  from space 67584K, 75% used [0x00000000fbe00000,0x00000000feffd3e8,0x0000000100000000)
  to   space 78848K, 0% used [0x00000000f6600000,0x00000000f6600000,0x00000000fb300000)
 ParOldGen       total 210432K, used 161247K [0x00000000a0000000, 0x00000000acd80000, 0x00000000e0000000)
  object space 210432K, 76% used [0x00000000a0000000,0x00000000a9d77f70,0x00000000acd80000)
 Metaspace       used 72304K, capacity 75304K, committed 75568K, reserved 1116160K
  class space    used 9145K, capacity 9763K, committed 9776K, reserved 1048576K
Event: 258.002 GC heap after
Heap after GC invocations=26 (full 5):
 PSYoungGen      total 445440K, used 9518K [0x00000000e0000000, 0x0000000100000000, 0x0000000100000000)
  eden space 366592K, 0% used [0x00000000e0000000,0x00000000e0000000,0x00000000f6600000)
  from space 78848K, 12% used [0x00000000f6600000,0x00000000f6f4baf8,0x00000000fb300000)
  to   space 78336K, 0% used [0x00000000fb380000,0x00000000fb380000,0x0000000100000000)
 ParOldGen       total 210432K, used 179949K [0x00000000a0000000, 0x00000000acd80000, 0x00000000e0000000)
  object space 210432K, 85% used [0x00000000a0000000,0x00000000aafbb4a0,0x00000000acd80000)
 Metaspace       used 72304K, capacity 75304K, committed 75568K, reserved 1116160K
  class space    used 9145K, capacity 9763K, committed 9776K, reserved 1048576K
}
Event: 258.002 GC heap before
{Heap before GC invocations=27 (full 6):
 PSYoungGen      total 445440K, used 9518K [0x00000000e0000000, 0x0000000100000000, 0x0000000100000000)
  eden space 366592K, 0% used [0x00000000e0000000,0x00000000e0000000,0x00000000f6600000)
  from space 78848K, 12% used [0x00000000f6600000,0x00000000f6f4baf8,0x00000000fb300000)
  to   space 78336K, 0% used [0x00000000fb380000,0x00000000fb380000,0x0000000100000000)
 ParOldGen       total 210432K, used 179949K [0x00000000a0000000, 0x00000000acd80000, 0x00000000e0000000)
  object space 210432K, 85% used [0x00000000a0000000,0x00000000aafbb4a0,0x00000000acd80000)
 Metaspace       used 72304K, capacity 75304K, committed 75568K, reserved 1116160K
  class space    used 9145K, capacity 9763K, committed 9776K, reserved 1048576K

