# JRE version: OpenJDK Runtime Environment (8.0_76-b03) (build 1.8.0_76-release-b03)
# Java VM: OpenJDK 64-Bit Server VM (25.76-b03 mixed mode windows-amd64 compressed oops)
Heap:
 PSYoungGen      total 453120K, used 306382K [0x00000000e0000000, 0x0000000100000000, 0x0000000100000000)
  eden space 402432K, 63% used [0x00000000e0000000,0x00000000ef9d3508,0x00000000f8900000)
  from space 50688K, 99% used [0x00000000f8900000,0x00000000fba60628,0x00000000fba80000)
  to   space 66560K, 0% used [0x00000000fbf00000,0x00000000fbf00000,0x0000000100000000)
 ParOldGen       total 200192K, used 76475K [0x00000000a0000000, 0x00000000ac380000, 0x00000000e0000000)
  object space 200192K, 38% used [0x00000000a0000000,0x00000000a4aaec88,0x00000000ac380000)
 Metaspace       used 66999K, capacity 68868K, committed 68992K, reserved 1110016K
  class space    used 8363K, capacity 8780K, committed 8832K, reserved 1048576K
GC Heap History (10 events):
Event: 61.753 GC heap before
{Heap before GC invocations=19 (full 3):
 PSYoungGen      total 344064K, used 320715K [0x00000000e0000000, 0x00000000fce80000, 0x0000000100000000)
  eden space 309760K, 100% used [0x00000000e0000000,0x00000000f2e80000,0x00000000f2e80000)
  from space 34304K, 31% used [0x00000000f2e80000,0x00000000f3932c50,0x00000000f5000000)
  to   space 33792K, 0% used [0x00000000fad80000,0x00000000fad80000,0x00000000fce80000)
 ParOldGen       total 103936K, used 53362K [0x00000000a0000000, 0x00000000a6580000, 0x00000000e0000000)
  object space 103936K, 51% used [0x00000000a0000000,0x00000000a341c980,0x00000000a6580000)
 Metaspace       used 66369K, capacity 68202K, committed 68480K, reserved 1110016K
  class space    used 8344K, capacity 8749K, committed 8832K, reserved 1048576K
Event: 61.813 GC heap after
Heap after GC invocations=19 (full 3):
 PSYoungGen      total 428544K, used 33769K [0x00000000e0000000, 0x00000000fd280000, 0x0000000100000000)
  eden space 394752K, 0% used [0x00000000e0000000,0x00000000e0000000,0x00000000f8180000)
  from space 33792K, 99% used [0x00000000fad80000,0x00000000fce7a788,0x00000000fce80000)
  to   space 41472K, 0% used [0x00000000f8180000,0x00000000f8180000,0x00000000faa00000)
 ParOldGen       total 103936K, used 61386K [0x00000000a0000000, 0x00000000a6580000, 0x00000000e0000000)
  object space 103936K, 59% used [0x00000000a0000000,0x00000000a3bf2878,0x00000000a6580000)
 Metaspace       used 66369K, capacity 68202K, committed 68480K, reserved 1110016K
  class space    used 8344K, capacity 8749K, committed 8832K, reserved 1048576K
}
Event: 64.441 GC heap before
{Heap before GC invocations=20 (full 3):
 PSYoungGen      total 428544K, used 428521K [0x00000000e0000000, 0x00000000fd280000, 0x0000000100000000)
  eden space 394752K, 100% used [0x00000000e0000000,0x00000000f8180000,0x00000000f8180000)
  from space 33792K, 99% used [0x00000000fad80000,0x00000000fce7a788,0x00000000fce80000)
  to   space 41472K, 0% used [0x00000000f8180000,0x00000000f8180000,0x00000000faa00000)
 ParOldGen       total 103936K, used 61386K [0x00000000a0000000, 0x00000000a6580000, 0x00000000e0000000)
  object space 103936K, 59% used [0x00000000a0000000,0x00000000a3bf2878,0x00000000a6580000)
 Metaspace       used 66912K, capacity 68812K, committed 68992K, reserved 1110016K
  class space    used 8364K, capacity 8782K, committed 8832K, reserved 1048576K
Event: 64.543 GC heap after
Heap after GC invocations=20 (full 3):
 PSYoungGen      total 436224K, used 41463K [0x00000000e0000000, 0x0000000100000000, 0x0000000100000000)
  eden space 394752K, 0% used [0x00000000e0000000,0x00000000e0000000,0x00000000f8180000)
  from space 41472K, 99% used [0x00000000f8180000,0x00000000fa9fdca8,0x00000000faa00000)
  to   space 56832K, 0% used [0x00000000fc880000,0x00000000fc880000,0x0000000100000000)
 ParOldGen       total 103936K, used 85559K [0x00000000a0000000, 0x00000000a6580000, 0x00000000e0000000)
  object space 103936K, 82% used [0x00000000a0000000,0x00000000a538dc00,0x00000000a6580000)
 Metaspace       used 66912K, capacity 68812K, committed 68992K, reserved 1110016K
  class space    used 8364K, capacity 8782K, committed 8832K, reserved 1048576K
}
Event: 64.543 GC heap before
{Heap before GC invocations=21 (full 4):
 PSYoungGen      total 436224K, used 41463K [0x00000000e0000000, 0x0000000100000000, 0x0000000100000000)
  eden space 394752K, 0% used [0x00000000e0000000,0x00000000e0000000,0x00000000f8180000)
  from space 41472K, 99% used [0x00000000f8180000,0x00000000fa9fdca8,0x00000000faa00000)
  to   space 56832K, 0% used [0x00000000fc880000,0x00000000fc880000,0x0000000100000000)
 ParOldGen       total 103936K, used 85559K [0x00000000a0000000, 0x00000000a6580000, 0x00000000e0000000)
  object space 103936K, 82% used [0x00000000a0000000,0x00000000a538dc00,0x00000000a6580000)
 Metaspace       used 66912K, capacity 68812K, committed 68992K, reserved 1110016K
  class space    used 8364K, capacity 8782K, committed 8832K, reserved 1048576K
Event: 64.891 GC heap after
Heap after GC invocations=21 (full 4):
 PSYoungGen      total 436224K, used 0K [0x00000000e0000000, 0x0000000100000000, 0x0000000100000000)
  eden space 394752K, 0% used [0x00000000e0000000,0x00000000e0000000,0x00000000f8180000)
  from space 41472K, 0% used [0x00000000f8180000,0x00000000f8180000,0x00000000faa00000)
  to   space 56832K, 0% used [0x00000000fc880000,0x00000000fc880000,0x0000000100000000)
 ParOldGen       total 200192K, used 76475K [0x00000000a0000000, 0x00000000ac380000, 0x00000000e0000000)
  object space 200192K, 38% used [0x00000000a0000000,0x00000000a4aaec88,0x00000000ac380000)
 Metaspace       used 66909K, capacity 68804K, committed 68992K, reserved 1110016K
  class space    used 8363K, capacity 8780K, committed 8832K, reserved 1048576K
}
Event: 66.252 GC heap before
{Heap before GC invocations=22 (full 4):
 PSYoungGen      total 436224K, used 394752K [0x00000000e0000000, 0x0000000100000000, 0x0000000100000000)
  eden space 394752K, 100% used [0x00000000e0000000,0x00000000f8180000,0x00000000f8180000)
  from space 41472K, 0% used [0x00000000f8180000,0x00000000f8180000,0x00000000faa00000)
  to   space 56832K, 0% used [0x00000000fc880000,0x00000000fc880000,0x0000000100000000)
 ParOldGen       total 200192K, used 76475K [0x00000000a0000000, 0x00000000ac380000, 0x00000000e0000000)
  object space 200192K, 38% used [0x00000000a0000000,0x00000000a4aaec88,0x00000000ac380000)
 Metaspace       used 66939K, capacity 68804K, committed 68992K, reserved 1110016K
  class space    used 8363K, capacity 8780K, committed 8832K, reserved 1048576K
Event: 66.316 GC heap after
Heap after GC invocations=22 (full 4):
 PSYoungGen      total 459264K, used 43381K [0x00000000e0000000, 0x0000000100000000, 0x0000000100000000)
  eden space 402432K, 0% used [0x00000000e0000000,0x00000000e0000000,0x00000000f8900000)
  from space 56832K, 76% used [0x00000000fc880000,0x00000000ff2dd6e8,0x0000000100000000)
  to   space 60928K, 0% used [0x00000000f8900000,0x00000000f8900000,0x00000000fc480000)
 ParOldGen       total 200192K, used 76475K [0x00000000a0000000, 0x00000000ac380000, 0x00000000e0000000)
  object space 200192K, 38% used [0x00000000a0000000,0x00000000a4aaec88,0x00000000ac380000)
 Metaspace       used 66939K, capacity 68804K, committed 68992K, reserved 1110016K
  class space    used 8363K, capacity 8780K, committed 8832K, reserved 1048576K
}
Event: 67.649 GC heap before
{Heap before GC invocations=23 (full 4):
 PSYoungGen      total 459264K, used 445813K [0x00000000e0000000, 0x0000000100000000, 0x0000000100000000)
  eden space 402432K, 100% used [0x00000000e0000000,0x00000000f8900000,0x00000000f8900000)
  from space 56832K, 76% used [0x00000000fc880000,0x00000000ff2dd6e8,0x0000000100000000)
  to   space 60928K, 0% used [0x00000000f8900000,0x00000000f8900000,0x00000000fc480000)
 ParOldGen       total 200192K, used 76475K [0x00000000a0000000, 0x00000000ac380000, 0x00000000e0000000)
  object space 200192K, 38% used [0x00000000a0000000,0x00000000a4aaec88,0x00000000ac380000)
 Metaspace       used 66979K, capacity 68868K, committed 68992K, reserved 1110016K
  class space    used 8363K, capacity 8780K, committed 8832K, reserved 1048576K
Event: 67.713 GC heap after
Heap after GC invocations=23 (full 4):
 PSYoungGen      total 453120K, used 50561K [0x00000000e0000000, 0x0000000100000000, 0x0000000100000000)
  eden space 402432K, 0% used [0x00000000e0000000,0x00000000e0000000,0x00000000f8900000)
  from space 50688K, 99% used [0x00000000f8900000,0x00000000fba60628,0x00000000fba80000)
  to   space 66560K, 0% used [0x00000000fbf00000,0x00000000fbf00000,0x0000000100000000)
 ParOldGen       total 200192K, used 76475K [0x00000000a0000000, 0x00000000ac380000, 0x00000000e0000000)
  object space 200192K, 38% used [0x00000000a0000000,0x00000000a4aaec88,0x00000000ac380000)
 Metaspace       used 66979K, capacity 68868K, committed 68992K, reserved 1110016K
  class space    used 8363K, capacity 8780K, committed 8832K, reserved 1048576K
}

